\BOOKMARK [1][-]{section.1}{Introduction}{}% 1
\BOOKMARK [1][-]{section.2}{Preliminaries and notations}{}% 2
\BOOKMARK [2][-]{subsection.2.1}{Notations}{section.2}% 3
\BOOKMARK [2][-]{subsection.2.2}{Nonlocal games}{section.2}% 4
\BOOKMARK [2][-]{subsection.2.3}{The weighted CHSH inequality acin2012.}{section.2}% 5
\BOOKMARK [2][-]{subsection.2.4}{Approximation tools}{section.2}% 6
\BOOKMARK [1][-]{section.3}{The linear system game LS\(r\)}{}% 7
\BOOKMARK [2][-]{subsection.3.1}{The embedding of uou-1 = or}{section.3}% 8
\BOOKMARK [2][-]{subsection.3.2}{A representation of r}{section.3}% 9
\BOOKMARK [1][-]{section.4}{Robust self-testing of |\(2\)"526930B \040via I}{}% 10
\BOOKMARK [1][-]{section.5}{The full test}{}% 11
\BOOKMARK [2][-]{subsection.5.1}{The ideal strategy}{section.5}% 12
\BOOKMARK [2][-]{subsection.5.2}{The correlation C\(d,r\)}{section.5}% 13
\BOOKMARK [1][-]{section.6}{Robust self-testing with C\(d,r\)}{}% 14
\BOOKMARK [2][-]{subsection.6.1}{Implication of passing LS\(r\)}{section.6}% 15
\BOOKMARK [2][-]{subsection.6.2}{Implication of passing the extended weighted CHSH test}{section.6}% 16
\BOOKMARK [2][-]{subsection.6.3}{Implications of passing the commutation test}{section.6}% 17
\BOOKMARK [2][-]{subsection.6.4}{An isometry}{section.6}% 18
\BOOKMARK [1][-]{appendix.A}{The proof of thm:selftest }{}% 19
\BOOKMARK [1][-]{appendix.B}{The proof of lm:uoindepend}{}% 20
